[0.050s] Invoking command in '/home/kcm/colcon_ws/build/my_interface': /usr/bin/cmake --build /home/kcm/colcon_ws/build/my_interface -- -j1 -l1
[0.280s] -- Found ament_cmake: 1.3.9 (/opt/ros/humble/share/ament_cmake/cmake)
[0.659s] -- Found builtin_interfaces: 1.2.1 (/opt/ros/humble/share/builtin_interfaces/cmake)
[0.784s] -- Found rosidl_generator_c: 3.1.5 (/opt/ros/humble/share/rosidl_generator_c/cmake)
[0.793s] -- Found rosidl_adapter: 3.1.5 (/opt/ros/humble/share/rosidl_adapter/cmake)
[0.815s] -- Found rosidl_generator_cpp: 3.1.5 (/opt/ros/humble/share/rosidl_generator_cpp/cmake)
[0.862s] -- Using all available rosidl_typesupport_c: rosidl_typesupport_fastrtps_c;rosidl_typesupport_introspection_c
[0.900s] -- Using all available rosidl_typesupport_cpp: rosidl_typesupport_fastrtps_cpp;rosidl_typesupport_introspection_cpp
[0.931s] -- Found rosidl_default_generators: 1.2.0 (/opt/ros/humble/share/rosidl_default_generators/cmake)
[1.298s] Error parsing '/home/kcm/colcon_ws/src/my_interface/package.xml':
[1.401s] Traceback (most recent call last):
[1.402s]   File "/opt/ros/humble/share/ament_cmake_core/cmake/core/package_xml_2_cmake.py", line 150, in <module>
[1.402s]     main()
[1.403s]   File "/opt/ros/humble/share/ament_cmake_core/cmake/core/package_xml_2_cmake.py", line 53, in main
[1.403s]     raise e
[1.403s]   File "/opt/ros/humble/share/ament_cmake_core/cmake/core/package_xml_2_cmake.py", line 49, in main
[1.404s]     package = parse_package_string(
[1.404s]   File "/usr/lib/python3/dist-packages/catkin_pkg/package.py", line 786, in parse_package_string
[1.408s]     raise InvalidPackage('Error(s):%s' % (''.join(['\n- %s' % e for e in errors])), filename)
[1.408s] catkin_pkg.package.InvalidPackage: Error(s) in package '/home/kcm/colcon_ws/src/my_interface/package.xml':
[1.409s] Error(s):
[1.409s] - The generic dependency on 'builtin_interfaces' is redundant with: exec_depend
[1.425s] [31mCMake Error at /opt/ros/humble/share/ament_cmake_core/cmake/core/ament_package_xml.cmake:95 (message):
[1.426s]   execute_process(/usr/bin/python3
[1.426s]   /opt/ros/humble/share/ament_cmake_core/cmake/core/package_xml_2_cmake.py
[1.427s]   /home/kcm/colcon_ws/src/my_interface/package.xml
[1.427s]   /home/kcm/colcon_ws/build/my_interface/ament_cmake_core/package.cmake)
[1.427s]   returned error code 1
[1.428s] Call Stack (most recent call first):
[1.428s]   /opt/ros/humble/share/ament_cmake_core/cmake/core/ament_package_xml.cmake:49 (_ament_package_xml)
[1.429s]   /opt/ros/humble/share/rosidl_cmake/cmake/rosidl_generate_interfaces.cmake:226 (ament_package_xml)
[1.429s]   CMakeLists.txt:18 (rosidl_generate_interfaces)
[1.431s] 
[1.431s] [0m
[1.431s] -- Configuring incomplete, errors occurred!
[1.432s] See also "/home/kcm/colcon_ws/build/my_interface/CMakeFiles/CMakeOutput.log".
[1.444s] gmake: *** [Makefile:226: cmake_check_build_system] ì˜¤ë¥˜ 1
[1.447s] Invoked command in '/home/kcm/colcon_ws/build/my_interface' returned '2': /usr/bin/cmake --build /home/kcm/colcon_ws/build/my_interface -- -j1 -l1
