[0.026s] Invoking command in '/home/kcm/colcon_ws/build/my_interface': /usr/bin/cmake --build /home/kcm/colcon_ws/build/my_interface -- -j1 -l1
[0.101s] -- Found ament_cmake: 1.3.9 (/opt/ros/humble/share/ament_cmake/cmake)
[0.406s] -- Found builtin_interfaces: 1.2.1 (/opt/ros/humble/share/builtin_interfaces/cmake)
[0.508s] -- Found rosidl_generator_c: 3.1.5 (/opt/ros/humble/share/rosidl_generator_c/cmake)
[0.511s] -- Found rosidl_adapter: 3.1.5 (/opt/ros/humble/share/rosidl_adapter/cmake)
[0.525s] -- Found rosidl_generator_cpp: 3.1.5 (/opt/ros/humble/share/rosidl_generator_cpp/cmake)
[0.546s] -- Using all available rosidl_typesupport_c: rosidl_typesupport_fastrtps_c;rosidl_typesupport_introspection_c
[0.571s] -- Using all available rosidl_typesupport_cpp: rosidl_typesupport_fastrtps_cpp;rosidl_typesupport_introspection_cpp
[0.617s] -- Found rosidl_default_generators: 1.2.0 (/opt/ros/humble/share/rosidl_default_generators/cmake)
[1.073s] Error parsing '/home/kcm/colcon_ws/src/my_interface/package.xml':
[1.205s] Traceback (most recent call last):
[1.205s]   File "/opt/ros/humble/share/ament_cmake_core/cmake/core/package_xml_2_cmake.py", line 150, in <module>
[1.206s]     main()
[1.206s]   File "/opt/ros/humble/share/ament_cmake_core/cmake/core/package_xml_2_cmake.py", line 53, in main
[1.206s]     raise e
[1.206s]   File "/opt/ros/humble/share/ament_cmake_core/cmake/core/package_xml_2_cmake.py", line 49, in main
[1.206s]     package = parse_package_string(
[1.206s]   File "/usr/lib/python3/dist-packages/catkin_pkg/package.py", line 788, in parse_package_string
[1.206s]     pkg.validate(warnings=warnings)
[1.207s]   File "/usr/lib/python3/dist-packages/catkin_pkg/package.py", line 330, in validate
[1.207s]     raise InvalidPackage('\n'.join(errors), self.filename)
[1.207s] catkin_pkg.package.InvalidPackage: Error(s) in package '/home/kcm/colcon_ws/src/my_interface/package.xml':
[1.207s] The package "my_interface" must not "build_depend" on a package with the same name as this package
[1.207s] The package "my_interface" must not "build_export_depend" on a package with the same name as this package
[1.211s] The package "my_interface" must not "exec_depend" on a package with the same name as this package
[1.246s] [31mCMake Error at /opt/ros/humble/share/ament_cmake_core/cmake/core/ament_package_xml.cmake:95 (message):
[1.247s]   execute_process(/usr/bin/python3
[1.247s]   /opt/ros/humble/share/ament_cmake_core/cmake/core/package_xml_2_cmake.py
[1.247s]   /home/kcm/colcon_ws/src/my_interface/package.xml
[1.247s]   /home/kcm/colcon_ws/build/my_interface/ament_cmake_core/package.cmake)
[1.247s]   returned error code 1
[1.247s] Call Stack (most recent call first):
[1.247s]   /opt/ros/humble/share/ament_cmake_core/cmake/core/ament_package_xml.cmake:49 (_ament_package_xml)
[1.247s]   /opt/ros/humble/share/rosidl_cmake/cmake/rosidl_generate_interfaces.cmake:226 (ament_package_xml)
[1.247s]   CMakeLists.txt:18 (rosidl_generate_interfaces)
[1.247s] 
[1.247s] [0m
[1.252s] -- Configuring incomplete, errors occurred!
[1.252s] See also "/home/kcm/colcon_ws/build/my_interface/CMakeFiles/CMakeOutput.log".
[1.274s] gmake: *** [Makefile:747: cmake_check_build_system] ì˜¤ë¥˜ 1
[1.274s] Invoked command in '/home/kcm/colcon_ws/build/my_interface' returned '2': /usr/bin/cmake --build /home/kcm/colcon_ws/build/my_interface -- -j1 -l1
