[0.036s] Invoking command in '/home/kcm/colcon_ws/build/my_interface': /usr/bin/cmake --build /home/kcm/colcon_ws/build/my_interface -- -j1 -l1
[0.173s] -- Found ament_cmake: 1.3.9 (/opt/ros/humble/share/ament_cmake/cmake)
[0.612s] -- Found builtin_interfaces: 1.2.1 (/opt/ros/humble/share/builtin_interfaces/cmake)
[0.669s] -- Found rosidl_generator_c: 3.1.5 (/opt/ros/humble/share/rosidl_generator_c/cmake)
[0.677s] -- Found rosidl_adapter: 3.1.5 (/opt/ros/humble/share/rosidl_adapter/cmake)
[0.689s] -- Found rosidl_generator_cpp: 3.1.5 (/opt/ros/humble/share/rosidl_generator_cpp/cmake)
[0.717s] -- Using all available rosidl_typesupport_c: rosidl_typesupport_fastrtps_c;rosidl_typesupport_introspection_c
[0.754s] -- Using all available rosidl_typesupport_cpp: rosidl_typesupport_fastrtps_cpp;rosidl_typesupport_introspection_cpp
[0.813s] -- Found rosidl_default_generators: 1.2.0 (/opt/ros/humble/share/rosidl_default_generators/cmake)
[1.313s] Error parsing '/home/kcm/colcon_ws/src/my_interface/package.xml':
[1.464s] Traceback (most recent call last):
[1.464s]   File "/opt/ros/humble/share/ament_cmake_core/cmake/core/package_xml_2_cmake.py", line 150, in <module>
[1.465s]     main()
[1.465s]   File "/opt/ros/humble/share/ament_cmake_core/cmake/core/package_xml_2_cmake.py", line 53, in main
[1.465s]     raise e
[1.465s]   File "/opt/ros/humble/share/ament_cmake_core/cmake/core/package_xml_2_cmake.py", line 49, in main
[1.465s]     package = parse_package_string(
[1.465s]   File "/usr/lib/python3/dist-packages/catkin_pkg/package.py", line 788, in parse_package_string
[1.465s]     pkg.validate(warnings=warnings)
[1.466s]   File "/usr/lib/python3/dist-packages/catkin_pkg/package.py", line 330, in validate
[1.469s]     raise InvalidPackage('\n'.join(errors), self.filename)
[1.469s] catkin_pkg.package.InvalidPackage: Error(s) in package '/home/kcm/colcon_ws/src/my_interface/package.xml':
[1.469s] The package "my_interface" must not "buildtool_depend" on a package with the same name as this package
[1.501s] [31mCMake Error at /opt/ros/humble/share/ament_cmake_core/cmake/core/ament_package_xml.cmake:95 (message):
[1.501s]   execute_process(/usr/bin/python3
[1.502s]   /opt/ros/humble/share/ament_cmake_core/cmake/core/package_xml_2_cmake.py
[1.502s]   /home/kcm/colcon_ws/src/my_interface/package.xml
[1.502s]   /home/kcm/colcon_ws/build/my_interface/ament_cmake_core/package.cmake)
[1.502s]   returned error code 1
[1.502s] Call Stack (most recent call first):
[1.502s]   /opt/ros/humble/share/ament_cmake_core/cmake/core/ament_package_xml.cmake:49 (_ament_package_xml)
[1.502s]   /opt/ros/humble/share/rosidl_cmake/cmake/rosidl_generate_interfaces.cmake:226 (ament_package_xml)
[1.502s]   CMakeLists.txt:18 (rosidl_generate_interfaces)
[1.502s] 
[1.502s] [0m
[1.503s] -- Configuring incomplete, errors occurred!
[1.503s] See also "/home/kcm/colcon_ws/build/my_interface/CMakeFiles/CMakeOutput.log".
[1.508s] gmake: *** [Makefile:747: cmake_check_build_system] ì˜¤ë¥˜ 1
[1.509s] Invoked command in '/home/kcm/colcon_ws/build/my_interface' returned '2': /usr/bin/cmake --build /home/kcm/colcon_ws/build/my_interface -- -j1 -l1
